[2013-05-15 09:56:32][admin][tbl_pfile][update][187][UPDATE tbl_pfile SET `pfile` = 'CFSTDE.p' , `recordlength` = '' , `irinaiyo` = '漢字シフトイン（0A41）、シフトアウト（0A42）\r\n は含まれないデータですが、\r\n 帳票の漢字項目（ファイルID内の「付替日」項目等）\r\nが 文字化けとなります。 \r\nX\'\'\'\'\'e34r234\'\'\'\'' , `tantosya` = '李啓凡' , `tantodate` = '5/3' , `memo` = '行ＩＤ条件処理不正、XMLも不正です'  WHERE id = 187]
[2013-05-15 10:52:31][admin][sys_table][update][2][UPDATE sys_table SET `table` = 'sys_table' , `name` = '表格'  WHERE id = 2]
[2013-05-15 10:52:31][admin][sys_table][update][3][UPDATE sys_table SET `table` = 'sys_list' , `name` = '一览'  WHERE id = 3]
[2013-05-15 11:03:58][admin][sys_table][update][2][UPDATE sys_table SET `table` = 'sys_table' , `name` = '表格'  WHERE id = 2]
[2013-05-15 11:03:58][admin][sys_table][update][3][UPDATE sys_table SET `table` = 'sys_list' , `name` = '一览'  WHERE id = 3]
[2013-05-15 11:04:02][admin][sys_table][update][4][UPDATE sys_table SET `table` = 'sys_code' , `name` = '编码'  WHERE id = 4]
[2013-05-15 11:04:02][admin][sys_table][update][5][UPDATE sys_table SET `table` = 'sys_codevalue' , `name` = '编码值'  WHERE id = 5]
[2013-05-15 11:04:43][admin][sys_table][update][3][UPDATE sys_table SET `table` = 'sys_list' , `name` = '一览'  WHERE id = 3]
[2013-05-15 11:04:43][admin][sys_table][update][4][UPDATE sys_table SET `table` = 'sys_code' , `name` = '编码'  WHERE id = 4]
[2013-05-15 11:04:43][admin][sys_table][update][5][UPDATE sys_table SET `table` = 'sys_codevalue' , `name` = '编码值'  WHERE id = 5]
[2013-05-15 11:22:40][admin][sys_table][update][3][UPDATE sys_table SET `table` = 'sys_list' , `name` = '一览'  WHERE id = 3]
[2013-05-15 11:22:40][admin][sys_table][update][4][UPDATE sys_table SET `table` = 'sys_code' , `name` = '编码'  WHERE id = 4]
[2013-05-15 11:23:02][admin][sys_table][update][2][UPDATE sys_table SET `table` = 'sys_table' , `name` = '表格'  WHERE id = 2]
[2013-05-15 11:23:02][admin][sys_table][update][3][UPDATE sys_table SET `table` = 'sys_list' , `name` = '一览'  WHERE id = 3]
[2013-05-15 11:23:23][admin][sys_table][update][4][UPDATE sys_table SET `table` = 'sys_code' , `name` = '编码'  WHERE id = 4]
[2013-05-15 11:23:23][admin][sys_table][update][5][UPDATE sys_table SET `table` = 'sys_codevalue' , `name` = '编码值'  WHERE id = 5]
[2013-05-15 11:24:15][admin][sys_table][update][4][UPDATE sys_table SET `table` = 'sys_code' , `name` = '编码'  WHERE id = 4]
[2013-05-15 11:24:15][admin][sys_table][update][5][UPDATE sys_table SET `table` = 'sys_codevalue' , `name` = '编码值'  WHERE id = 5]
[2013-05-15 11:25:46][admin][sys_table][update][3][UPDATE sys_table SET `table` = 'sys_list' , `name` = '一览'  WHERE id = 3]
[2013-05-15 11:25:46][admin][sys_table][update][4][UPDATE sys_table SET `table` = 'sys_code' , `name` = '编码'  WHERE id = 4]
[2013-05-15 11:26:38][admin][sys_table][update][3][UPDATE sys_table SET `table` = 'sys_list' , `name` = '一览'  WHERE id = 3]
[2013-05-15 11:26:38][admin][sys_table][update][4][UPDATE sys_table SET `table` = 'sys_code' , `name` = '编码'  WHERE id = 4]
[2013-05-15 11:26:51][admin][sys_table][update][3][UPDATE sys_table SET `table` = 'sys_list' , `name` = '一览'  WHERE id = 3]
[2013-05-15 11:26:51][admin][sys_table][update][4][UPDATE sys_table SET `table` = 'sys_code' , `name` = '编码'  WHERE id = 4]
[2013-05-15 11:27:11][admin][sys_table][update][3][UPDATE sys_table SET `table` = 'sys_list' , `name` = '一览'  WHERE id = 3]
[2013-05-15 11:27:11][admin][sys_table][update][4][UPDATE sys_table SET `table` = 'sys_code' , `name` = '编码'  WHERE id = 4]
[2013-05-15 11:27:40][admin][sys_table][update][3][UPDATE sys_table SET `table` = 'sys_list' , `name` = '一览'  WHERE id = 3]
[2013-05-15 11:27:40][admin][sys_table][update][4][UPDATE sys_table SET `table` = 'sys_code' , `name` = '编码'  WHERE id = 4]
[2013-05-15 11:27:44][admin][sys_table][update][5][UPDATE sys_table SET `table` = 'sys_codevalue' , `name` = '编码值'  WHERE id = 5]
[2013-05-15 11:27:44][admin][sys_table][update][6][UPDATE sys_table SET `table` = 'sys_command' , `name` = '按钮'  WHERE id = 6]
[2013-05-15 11:27:44][admin][sys_table][update][7][UPDATE sys_table SET `table` = 'sys_action' , `name` = '操作'  WHERE id = 7]
[2013-05-15 12:54:37][][tbl_pfile][update][79][UPDATE tbl_pfile SET `pfile` = 'CFDTNE.p3' , `recordlength` = '296' , `irinaiyo` = '■　箇所\r\nVAC1135\r\n■　問題点\r\n（トラブル_076と同じ）\r\nバッチ帳票変換済次期データに、項目「累計区分」\r\n（ロケーション：30、データ形式：C、レングス：1）は「0A」です。\r\nしかし、「0A」はLFので、CSVが出力不正。' , `tantosya` = '張鋭' , `tantodate` = '5/8' , `memo` = 'pファイル不備以外'  WHERE id = 79]
[2013-05-15 12:54:52][][tbl_pfile][update][79][UPDATE tbl_pfile SET `pfile` = 'CFDTNE.p' , `recordlength` = '296' , `irinaiyo` = '■　箇所\r\nVAC1135\r\n■　問題点\r\n（トラブル_076と同じ）\r\nバッチ帳票変換済次期データに、項目「累計区分」\r\n（ロケーション：30、データ形式：C、レングス：1）は「0A」です。\r\nしかし、「0A」はLFので、CSVが出力不正。' , `tantosya` = '張鋭' , `tantodate` = '5/8' , `memo` = 'pファイル不備以外'  WHERE id = 79]
[2013-05-15 15:19:07][][sys_sort][insert][42][INSERT INTO sys_sort ( `tableid`, `userid`, `updtime`, `enabled`, `filter`, `group`, `sort`, `memo` ) values ( '19', '1', '1368602345', '1', 'aaaa', '', '', '' ) ]
[2013-05-15 15:19:18][][sys_sort][delete][42][DELETE FROM sys_sort WHERE id = 42]
