-- [2013-05-17 16:29:16][hejun][sys_msgstatus][insert][11]
DELETE FROM sys_msgstatus WHERE id = 11;
-- [2013-05-17 16:28:47][hejun][sys_msgstatus][insert][10]
DELETE FROM sys_msgstatus WHERE id = 10;
-- [2013-05-17 16:13:35][wanghm][sys_msgstatus][insert][9]
DELETE FROM sys_msgstatus WHERE id = 9;
-- [2013-05-17 16:13:35][wanghm][sys_msgstatus][insert][8]
DELETE FROM sys_msgstatus WHERE id = 8;
-- [2013-05-17 16:13:22][wanghm][sys_msgstatus][insert][7]
DELETE FROM sys_msgstatus WHERE id = 7;
-- [2013-05-17 16:13:22][wanghm][sys_msgstatus][insert][6]
DELETE FROM sys_msgstatus WHERE id = 6;
-- [2013-05-17 16:09:09][wanghm][sys_msgstatus][insert][5]
DELETE FROM sys_msgstatus WHERE id = 5;
-- [2013-05-17 16:08:54][wanghm][sys_msgstatus][insert][4]
DELETE FROM sys_msgstatus WHERE id = 4;
-- [2013-05-17 16:08:35][wanghm][sys_message][insert][3]
DELETE FROM sys_message WHERE id = 3;
-- [2013-05-17 16:07:45][wanghm][sys_msgstatus][insert][3]
DELETE FROM sys_msgstatus WHERE id = 3;
-- [2013-05-17 16:07:23][wanghm][sys_msgstatus][insert][2]
DELETE FROM sys_msgstatus WHERE id = 2;
-- [2013-05-17 16:07:14][wanghm][sys_message][insert][2]
DELETE FROM sys_message WHERE id = 2;
-- [2013-05-17 16:06:54][wanghm][sys_msgstatus][insert][1]
DELETE FROM sys_msgstatus WHERE id = 1;
-- [2013-05-17 16:06:46][wanghm][sys_message][insert][1]
DELETE FROM sys_message WHERE id = 1;
-- [2013-05-17 16:04:51][wanghm][sys_message][insert][54]
DELETE FROM sys_message WHERE id = 54;
-- [2013-05-17 15:58:16][wanghm][sys_msgstatus][insert][109]
DELETE FROM sys_msgstatus WHERE id = 109;
-- [2013-05-17 15:58:16][wanghm][sys_msgstatus][insert][108]
DELETE FROM sys_msgstatus WHERE id = 108;
-- [2013-05-17 15:58:16][wanghm][sys_msgstatus][insert][107]
DELETE FROM sys_msgstatus WHERE id = 107;
-- [2013-05-17 15:58:16][wanghm][sys_msgstatus][insert][106]
DELETE FROM sys_msgstatus WHERE id = 106;
-- [2013-05-17 15:58:16][wanghm][sys_msgstatus][insert][105]
DELETE FROM sys_msgstatus WHERE id = 105;
-- [2013-05-17 15:58:16][wanghm][sys_msgstatus][insert][104]
DELETE FROM sys_msgstatus WHERE id = 104;
-- [2013-05-17 15:58:16][wanghm][sys_msgstatus][insert][103]
DELETE FROM sys_msgstatus WHERE id = 103;
-- [2013-05-17 15:58:16][wanghm][sys_msgstatus][insert][102]
DELETE FROM sys_msgstatus WHERE id = 102;
-- [2013-05-17 15:58:16][wanghm][sys_msgstatus][insert][101]
DELETE FROM sys_msgstatus WHERE id = 101;
-- [2013-05-17 15:58:16][wanghm][sys_msgstatus][insert][100]
DELETE FROM sys_msgstatus WHERE id = 100;
-- [2013-05-17 15:58:16][wanghm][sys_msgstatus][insert][99]
DELETE FROM sys_msgstatus WHERE id = 99;
-- [2013-05-17 15:58:16][wanghm][sys_msgstatus][insert][98]
DELETE FROM sys_msgstatus WHERE id = 98;
-- [2013-05-17 15:58:16][wanghm][sys_msgstatus][insert][97]
DELETE FROM sys_msgstatus WHERE id = 97;
-- [2013-05-17 15:58:16][wanghm][sys_msgstatus][insert][96]
DELETE FROM sys_msgstatus WHERE id = 96;
-- [2013-05-17 15:58:16][wanghm][sys_msgstatus][insert][95]
DELETE FROM sys_msgstatus WHERE id = 95;
-- [2013-05-17 15:58:16][wanghm][sys_msgstatus][insert][94]
DELETE FROM sys_msgstatus WHERE id = 94;
-- [2013-05-17 15:58:16][wanghm][sys_msgstatus][insert][93]
DELETE FROM sys_msgstatus WHERE id = 93;
-- [2013-05-17 15:58:05][wanghm][sys_msgstatus][insert][92]
DELETE FROM sys_msgstatus WHERE id = 92;
-- [2013-05-17 15:58:05][wanghm][sys_msgstatus][insert][91]
DELETE FROM sys_msgstatus WHERE id = 91;
-- [2013-05-17 15:58:05][wanghm][sys_msgstatus][insert][90]
DELETE FROM sys_msgstatus WHERE id = 90;
-- [2013-05-17 15:58:05][wanghm][sys_msgstatus][insert][89]
DELETE FROM sys_msgstatus WHERE id = 89;
-- [2013-05-17 15:58:05][wanghm][sys_msgstatus][insert][88]
DELETE FROM sys_msgstatus WHERE id = 88;
-- [2013-05-17 15:58:05][wanghm][sys_msgstatus][insert][87]
DELETE FROM sys_msgstatus WHERE id = 87;
-- [2013-05-17 15:58:05][wanghm][sys_msgstatus][insert][86]
DELETE FROM sys_msgstatus WHERE id = 86;
-- [2013-05-17 15:57:59][wanghm][sys_msgstatus][insert][85]
DELETE FROM sys_msgstatus WHERE id = 85;
-- [2013-05-17 15:57:59][wanghm][sys_msgstatus][insert][84]
DELETE FROM sys_msgstatus WHERE id = 84;
-- [2013-05-17 15:57:59][wanghm][sys_msgstatus][insert][83]
DELETE FROM sys_msgstatus WHERE id = 83;
-- [2013-05-17 15:57:59][wanghm][sys_msgstatus][insert][82]
DELETE FROM sys_msgstatus WHERE id = 82;
-- [2013-05-17 15:57:48][wanghm][sys_msgstatus][insert][81]
DELETE FROM sys_msgstatus WHERE id = 81;
-- [2013-05-17 15:57:48][wanghm][sys_msgstatus][insert][80]
DELETE FROM sys_msgstatus WHERE id = 80;
-- [2013-05-17 15:57:48][wanghm][sys_msgstatus][insert][79]
DELETE FROM sys_msgstatus WHERE id = 79;
-- [2013-05-17 15:57:48][wanghm][sys_msgstatus][insert][78]
DELETE FROM sys_msgstatus WHERE id = 78;
-- [2013-05-17 15:57:48][wanghm][sys_msgstatus][insert][77]
DELETE FROM sys_msgstatus WHERE id = 77;
-- [2013-05-17 15:57:48][wanghm][sys_msgstatus][insert][76]
DELETE FROM sys_msgstatus WHERE id = 76;
-- [2013-05-17 15:57:48][wanghm][sys_msgstatus][insert][75]
DELETE FROM sys_msgstatus WHERE id = 75;
-- [2013-05-17 15:57:41][wanghm][sys_msgstatus][insert][74]
DELETE FROM sys_msgstatus WHERE id = 74;
-- [2013-05-17 15:57:41][wanghm][sys_msgstatus][insert][73]
DELETE FROM sys_msgstatus WHERE id = 73;
-- [2013-05-17 15:57:36][wanghm][sys_msgstatus][insert][72]
DELETE FROM sys_msgstatus WHERE id = 72;
-- [2013-05-17 15:57:36][wanghm][sys_msgstatus][insert][71]
DELETE FROM sys_msgstatus WHERE id = 71;
-- [2013-05-17 15:37:24][wanghm][sys_msgstatus][insert][70]
DELETE FROM sys_msgstatus WHERE id = 70;
-- [2013-05-17 15:35:14][hejun][sys_msgstatus][insert][69]
DELETE FROM sys_msgstatus WHERE id = 69;
-- [2013-05-17 15:34:36][wanghm][sys_msgstatus][insert][68]
DELETE FROM sys_msgstatus WHERE id = 68;
-- [2013-05-17 15:13:49][wanghm][sys_msgstatus][insert][67]
DELETE FROM sys_msgstatus WHERE id = 67;
-- [2013-05-17 15:10:58][wanghm][sys_msgstatus][insert][66]
DELETE FROM sys_msgstatus WHERE id = 66;
-- [2013-05-17 14:49:11][wanghm][sys_msgstatus][insert][65]
DELETE FROM sys_msgstatus WHERE id = 65;
-- [2013-05-17 14:49:07][wanghm][sys_msgstatus][insert][64]
DELETE FROM sys_msgstatus WHERE id = 64;
-- [2013-05-17 14:49:07][wanghm][sys_msgstatus][insert][63]
DELETE FROM sys_msgstatus WHERE id = 63;
-- [2013-05-17 14:48:52][wanghm][sys_message][insert][53]
DELETE FROM sys_message WHERE id = 53;
-- [2013-05-17 14:48:50][wanghm][sys_message][insert][52]
DELETE FROM sys_message WHERE id = 52;
-- [2013-05-17 14:44:31][wanghm][sys_msgstatus][insert][62]
DELETE FROM sys_msgstatus WHERE id = 62;
-- [2013-05-17 14:44:27][wanghm][sys_msgstatus][insert][61]
DELETE FROM sys_msgstatus WHERE id = 61;
-- [2013-05-17 14:44:22][wanghm][sys_msgstatus][insert][60]
DELETE FROM sys_msgstatus WHERE id = 60;
-- [2013-05-17 14:44:15][wanghm][sys_msgstatus][insert][59]
DELETE FROM sys_msgstatus WHERE id = 59;
-- [2013-05-17 14:38:24][hejun][sys_msgstatus][insert][58]
DELETE FROM sys_msgstatus WHERE id = 58;
-- [2013-05-17 14:37:55][wanghm][sys_msgstatus][insert][57]
DELETE FROM sys_msgstatus WHERE id = 57;
-- [2013-05-17 14:35:38][wanghm][sys_msgstatus][insert][56]
DELETE FROM sys_msgstatus WHERE id = 56;
-- [2013-05-17 14:31:30][wanghm][sys_msgstatus][insert][55]
DELETE FROM sys_msgstatus WHERE id = 55;
-- [2013-05-17 14:29:39][wanghm][sys_message][insert][51]
DELETE FROM sys_message WHERE id = 51;
-- [2013-05-17 14:29:33][wanghm][sys_message][insert][50]
DELETE FROM sys_message WHERE id = 50;
-- [2013-05-17 14:28:52][wanghm][sys_msgstatus][insert][54]
DELETE FROM sys_msgstatus WHERE id = 54;
-- [2013-05-17 14:28:43][wanghm][sys_message][insert][49]
DELETE FROM sys_message WHERE id = 49;
-- [2013-05-17 14:27:37][wanghm][sys_message][insert][48]
DELETE FROM sys_message WHERE id = 48;
-- [2013-05-17 14:16:43][wanghm][sys_message][insert][47]
DELETE FROM sys_message WHERE id = 47;
-- [2013-05-17 14:16:26][wanghm][sys_message][insert][46]
DELETE FROM sys_message WHERE id = 46;
-- [2013-05-17 14:12:24][wanghm][sys_message][insert][45]
DELETE FROM sys_message WHERE id = 45;
-- [2013-05-17 14:11:08][wanghm][sys_msgstatus][insert][45]
DELETE FROM sys_msgstatus WHERE id = 45;
-- [2013-05-17 14:11:08][wanghm][sys_msgstatus][insert][44]
DELETE FROM sys_msgstatus WHERE id = 44;
-- [2013-05-17 14:11:08][wanghm][sys_msgstatus][insert][43]
DELETE FROM sys_msgstatus WHERE id = 43;
-- [2013-05-17 14:07:46][hejun][sys_msgstatus][insert][40]
DELETE FROM sys_msgstatus WHERE id = 40;
-- [2013-05-17 14:06:27][wanghm][sys_msgstatus][insert][39]
DELETE FROM sys_msgstatus WHERE id = 39;
-- [2013-05-17 14:06:27][wanghm][sys_msgstatus][insert][38]
DELETE FROM sys_msgstatus WHERE id = 38;
-- [2013-05-17 13:55:18][wanghm][sys_msgstatus][insert][37]
DELETE FROM sys_msgstatus WHERE id = 37;
-- [2013-05-17 13:55:18][wanghm][sys_msgstatus][insert][36]
DELETE FROM sys_msgstatus WHERE id = 36;
-- [2013-05-17 13:54:02][admin][sys_codevalue][insert][143]
DELETE FROM sys_codevalue WHERE id = 143;
-- [2013-05-17 13:53:11][wanghm][sys_msgstatus][insert][35]
DELETE FROM sys_msgstatus WHERE id = 35;
-- [2013-05-17 13:48:55][wanghm][sys_msgstatus][insert][34]
DELETE FROM sys_msgstatus WHERE id = 34;
-- [2013-05-17 13:48:55][wanghm][sys_msgstatus][insert][33]
DELETE FROM sys_msgstatus WHERE id = 33;
-- [2013-05-17 13:48:52][wanghm][sys_msgstatus][insert][32]
DELETE FROM sys_msgstatus WHERE id = 32;
-- [2013-05-17 13:48:52][wanghm][sys_msgstatus][insert][31]
DELETE FROM sys_msgstatus WHERE id = 31;
-- [2013-05-17 13:48:30][wanghm][sys_msgstatus][insert][30]
DELETE FROM sys_msgstatus WHERE id = 30;
-- [2013-05-17 13:48:30][wanghm][sys_msgstatus][insert][29]
DELETE FROM sys_msgstatus WHERE id = 29;
-- [2013-05-17 13:33:02][wanghm][sys_msgstatus][insert][25]
DELETE FROM sys_msgstatus WHERE id = 25;
-- [2013-05-17 13:33:02][wanghm][sys_msgstatus][insert][24]
DELETE FROM sys_msgstatus WHERE id = 24;
-- [2013-05-17 13:33:02][wanghm][sys_msgstatus][insert][23]
DELETE FROM sys_msgstatus WHERE id = 23;
-- [2013-05-17 13:33:02][wanghm][sys_msgstatus][insert][22]
DELETE FROM sys_msgstatus WHERE id = 22;
-- [2013-05-17 13:33:02][wanghm][sys_msgstatus][insert][21]
DELETE FROM sys_msgstatus WHERE id = 21;
-- [2013-05-17 13:32:58][wanghm][sys_msgstatus][insert][20]
DELETE FROM sys_msgstatus WHERE id = 20;
-- [2013-05-17 13:32:58][wanghm][sys_msgstatus][insert][19]
DELETE FROM sys_msgstatus WHERE id = 19;
-- [2013-05-17 13:32:53][wanghm][sys_msgstatus][insert][18]
DELETE FROM sys_msgstatus WHERE id = 18;
-- [2013-05-17 13:32:43][wanghm][sys_msgstatus][insert][17]
DELETE FROM sys_msgstatus WHERE id = 17;
-- [2013-05-17 13:32:43][wanghm][sys_msgstatus][insert][16]
DELETE FROM sys_msgstatus WHERE id = 16;
-- [2013-05-17 13:19:15][wanghm][sys_msgstatus][insert][15]
DELETE FROM sys_msgstatus WHERE id = 15;
-- [2013-05-17 13:19:15][wanghm][sys_msgstatus][insert][14]
DELETE FROM sys_msgstatus WHERE id = 14;
-- [2013-05-17 13:19:11][wanghm][sys_msgstatus][insert][13]
DELETE FROM sys_msgstatus WHERE id = 13;
-- [2013-05-17 13:19:11][wanghm][sys_msgstatus][insert][12]
DELETE FROM sys_msgstatus WHERE id = 12;
-- [2013-05-17 13:19:11][wanghm][sys_msgstatus][insert][11]
DELETE FROM sys_msgstatus WHERE id = 11;
-- [2013-05-17 13:19:11][wanghm][sys_msgstatus][insert][10]
DELETE FROM sys_msgstatus WHERE id = 10;
-- [2013-05-17 13:19:09][wanghm][sys_msgstatus][insert][9]
DELETE FROM sys_msgstatus WHERE id = 9;
-- [2013-05-17 13:19:09][wanghm][sys_msgstatus][insert][8]
DELETE FROM sys_msgstatus WHERE id = 8;
-- [2013-05-17 13:19:00][wanghm][sys_msgstatus][insert][7]
DELETE FROM sys_msgstatus WHERE id = 7;
-- [2013-05-17 13:19:00][wanghm][sys_msgstatus][insert][6]
DELETE FROM sys_msgstatus WHERE id = 6;
-- [2013-05-17 13:16:58][wanghm][sys_msgstatus][insert][5]
DELETE FROM sys_msgstatus WHERE id = 5;
-- [2013-05-17 13:16:45][wanghm][sys_msgstatus][insert][4]
DELETE FROM sys_msgstatus WHERE id = 4;
-- [2013-05-17 13:16:20][wanghm][sys_msgstatus][insert][3]
DELETE FROM sys_msgstatus WHERE id = 3;
-- [2013-05-17 13:15:49][wanghm][sys_msgstatus][insert][2]
DELETE FROM sys_msgstatus WHERE id = 2;
-- [2013-05-17 11:13:40][admin][sys_codevalue][update][26]
UPDATE sys_codevalue SET `id` = '26' , `code` = '11' , `value` = '4' , `name` = '删除'  WHERE id = 26;
-- [2013-05-17 11:13:30][admin][sys_codevalue][delete][25]
INSERT INTO sys_codevalue ( `id`, `code`, `value`, `name` ) values ( '25', '11', '3', '保存' );
-- [2013-05-17 10:04:02][wanghm][sys_message][update][44]
UPDATE sys_message SET `id` = '44' , `sendtype` = '2' , `sender` = '1' , `recver` = '1' , `status` = '1' , `content` = 'eeeee'  WHERE id = 44;
