[2013-05-17 10:04:02][wanghm][sys_message][update][0][UPDATE sys_message SET `status` = '2' WHERE id = 44]
[2013-05-17 11:13:30][admin][sys_codevalue][delete][0][DELETE FROM sys_codevalue WHERE id = 25]
[2013-05-17 11:13:40][admin][sys_codevalue][update][0][UPDATE sys_codevalue SET `code` = '11',`value` = '3',`name` = '删除' WHERE id = 26]
[2013-05-17 12:52:52][wanghm][データベース更新エラー：sys_message, ]
[2013-05-17 13:15:49][wanghm][sys_msgstatus][insert][2][INSERT INTO sys_msgstatus () VALUES ()]
[2013-05-17 13:16:20][wanghm][sys_msgstatus][insert][3][INSERT INTO sys_msgstatus (`msgid`,`user`,`status`) VALUES ('11','7','2')]
[2013-05-17 13:16:45][wanghm][sys_msgstatus][insert][4][INSERT INTO sys_msgstatus (`msgid`,`user`,`status`) VALUES ('11','7','2')]
[2013-05-17 13:16:58][wanghm][sys_msgstatus][insert][5][INSERT INTO sys_msgstatus (`msgid`,`user`,`status`) VALUES ('13','7','2')]
[2013-05-17 13:19:00][wanghm][sys_msgstatus][insert][6][INSERT INTO sys_msgstatus (`msgid`,`user`,`status`) VALUES ('15','7','2')]
[2013-05-17 13:19:00][wanghm][sys_msgstatus][insert][7][INSERT INTO sys_msgstatus (`msgid`,`user`,`status`) VALUES ('19','7','2')]
[2013-05-17 13:19:09][wanghm][sys_msgstatus][insert][8][INSERT INTO sys_msgstatus (`msgid`,`user`,`status`) VALUES ('17','7','2')]
[2013-05-17 13:19:09][wanghm][sys_msgstatus][insert][9][INSERT INTO sys_msgstatus (`msgid`,`user`,`status`) VALUES ('24','7','2')]
[2013-05-17 13:19:11][wanghm][sys_msgstatus][insert][10][INSERT INTO sys_msgstatus (`msgid`,`user`,`status`) VALUES ('21','7','2')]
[2013-05-17 13:19:11][wanghm][sys_msgstatus][insert][11][INSERT INTO sys_msgstatus (`msgid`,`user`,`status`) VALUES ('37','7','2')]
[2013-05-17 13:19:11][wanghm][sys_msgstatus][insert][12][INSERT INTO sys_msgstatus (`msgid`,`user`,`status`) VALUES ('38','7','2')]
[2013-05-17 13:19:11][wanghm][sys_msgstatus][insert][13][INSERT INTO sys_msgstatus (`msgid`,`user`,`status`) VALUES ('44','7','2')]
[2013-05-17 13:19:15][wanghm][sys_msgstatus][insert][14][INSERT INTO sys_msgstatus (`msgid`,`user`,`status`) VALUES ('38','7','2')]
[2013-05-17 13:19:15][wanghm][sys_msgstatus][insert][15][INSERT INTO sys_msgstatus (`msgid`,`user`,`status`) VALUES ('44','7','2')]
[2013-05-17 13:32:43][wanghm][sys_msgstatus][insert][16][INSERT INTO sys_msgstatus (`msgid`,`user`,`status`) VALUES ('17','7','2')]
[2013-05-17 13:32:43][wanghm][sys_msgstatus][insert][17][INSERT INTO sys_msgstatus (`msgid`,`user`,`status`) VALUES ('19','7','2')]
[2013-05-17 13:32:53][wanghm][sys_msgstatus][insert][18][INSERT INTO sys_msgstatus (`msgid`,`user`,`status`) VALUES ('38','7','2')]
[2013-05-17 13:32:58][wanghm][sys_msgstatus][insert][19][INSERT INTO sys_msgstatus (`msgid`,`user`,`status`) VALUES ('37','7','2')]
[2013-05-17 13:32:58][wanghm][sys_msgstatus][insert][20][INSERT INTO sys_msgstatus (`msgid`,`user`,`status`) VALUES ('44','7','2')]
[2013-05-17 13:33:02][wanghm][sys_msgstatus][insert][21][INSERT INTO sys_msgstatus (`msgid`,`user`,`status`) VALUES ('11','7','2')]
[2013-05-17 13:33:02][wanghm][sys_msgstatus][insert][22][INSERT INTO sys_msgstatus (`msgid`,`user`,`status`) VALUES ('13','7','2')]
[2013-05-17 13:33:02][wanghm][sys_msgstatus][insert][23][INSERT INTO sys_msgstatus (`msgid`,`user`,`status`) VALUES ('15','7','2')]
[2013-05-17 13:33:02][wanghm][sys_msgstatus][insert][24][INSERT INTO sys_msgstatus (`msgid`,`user`,`status`) VALUES ('21','7','2')]
[2013-05-17 13:33:02][wanghm][sys_msgstatus][insert][25][INSERT INTO sys_msgstatus (`msgid`,`user`,`status`) VALUES ('24','7','2')]
[2013-05-17 13:48:30][wanghm][sys_msgstatus][insert][29][INSERT INTO sys_msgstatus (`msgid`,`user`,`status`) VALUES ('11','7','3')]
[2013-05-17 13:48:30][wanghm][sys_msgstatus][insert][30][INSERT INTO sys_msgstatus (`msgid`,`user`,`status`) VALUES ('13','7','3')]
[2013-05-17 13:48:52][wanghm][sys_msgstatus][insert][31][INSERT INTO sys_msgstatus (`msgid`,`user`,`status`) VALUES ('11','7','2')]
[2013-05-17 13:48:52][wanghm][sys_msgstatus][insert][32][INSERT INTO sys_msgstatus (`msgid`,`user`,`status`) VALUES ('13','7','2')]
[2013-05-17 13:48:55][wanghm][sys_msgstatus][insert][33][INSERT INTO sys_msgstatus (`msgid`,`user`,`status`) VALUES ('13','7','3')]
[2013-05-17 13:48:55][wanghm][sys_msgstatus][insert][34][INSERT INTO sys_msgstatus (`msgid`,`user`,`status`) VALUES ('11','7','3')]
[2013-05-17 13:53:11][wanghm][sys_msgstatus][insert][35][INSERT INTO sys_msgstatus (`msgid`,`user`,`status`) VALUES ('38','7','2')]
[2013-05-17 13:54:02][admin][sys_codevalue][insert][143][INSERT INTO sys_codevalue (`code`,`value`,`name`) VALUES ('11','','未読')]
[2013-05-17 13:55:18][wanghm][sys_msgstatus][insert][36][INSERT INTO sys_msgstatus (`msgid`,`user`,`status`) VALUES ('37','7','3')]
[2013-05-17 13:55:18][wanghm][sys_msgstatus][insert][37][INSERT INTO sys_msgstatus (`msgid`,`user`,`status`) VALUES ('44','7','3')]
[2013-05-17 14:06:27][wanghm][sys_msgstatus][insert][38][INSERT INTO sys_msgstatus (`msgid`,`user`,`status`) VALUES ('19','7','3')]
[2013-05-17 14:06:27][wanghm][sys_msgstatus][insert][39][INSERT INTO sys_msgstatus (`msgid`,`user`,`status`) VALUES ('38','7','3')]
[2013-05-17 14:07:46][hejun][sys_msgstatus][insert][40][INSERT INTO sys_msgstatus (`msgid`,`user`,`status`) VALUES ('38','9','2')]
[2013-05-17 14:11:08][wanghm][sys_msgstatus][insert][43][INSERT INTO sys_msgstatus (`msgid`,`user`,`status`) VALUES ('15','7','2')]
[2013-05-17 14:11:08][wanghm][sys_msgstatus][insert][44][INSERT INTO sys_msgstatus (`msgid`,`user`,`status`) VALUES ('17','7','2')]
[2013-05-17 14:11:08][wanghm][sys_msgstatus][insert][45][INSERT INTO sys_msgstatus (`msgid`,`user`,`status`) VALUES ('44','7','2')]
[2013-05-17 14:11:26][wanghm][データベース更新エラー：sys_message, INSERT INTO sys_message (`sender`,`sendtype`,`status`,`recver`,`content`) VALUES ('7','1','1','1','>eeeee

aaaaa')]
[2013-05-17 14:12:24][wanghm][sys_message][insert][45][INSERT INTO sys_message (`sender`,`sendtype`,`recver`,`content`) VALUES ('7','1','1','>eeeee\r\n\r\naaaaa')]
[2013-05-17 14:16:26][wanghm][sys_message][insert][46][INSERT INTO sys_message (`sender`,`sendtype`,`recver`,`content`) VALUES ('7','1','9','>>VAC1736再修正完了。\r\n>\r\n>了解。\r\n\r\nadfasfasdf')]
[2013-05-17 14:16:43][wanghm][sys_message][insert][47][INSERT INTO sys_message (`sender`,`sendtype`,`recver`,`content`) VALUES ('7','1','12','VAC1660\r\npファイル修正なし、ファイルのサイズが違います\r\n\r\n是什么意思？我看了一下，没有发现问题。请确认一下。')]
[2013-05-17 14:27:37][wanghm][sys_message][insert][48][INSERT INTO sys_message (`sender`,`sendtype`,`recver`,`content`,`sendtime`) VALUES ('7','1','7','abcdefg time','<?php echo date(\'Y-m-d H:i:s); ?>')]
[2013-05-17 14:28:43][wanghm][sys_message][insert][49][INSERT INTO sys_message (`sender`,`sendtype`,`recver`,`content`,`sendtime`) VALUES ('7','1','7','abcde time','2013-05-17 14:28:37')]
[2013-05-17 14:28:52][wanghm][sys_msgstatus][insert][54][INSERT INTO sys_msgstatus (`msgid`,`user`,`status`) VALUES ('48','7','3')]
[2013-05-17 14:29:33][wanghm][sys_message][insert][50][INSERT INTO sys_message (`sender`,`sendtype`,`recver`,`content`,`sendtime`) VALUES ('7','1','7','p time','05-17 14:29')]
[2013-05-17 14:29:39][wanghm][sys_message][insert][51][INSERT INTO sys_message (`sender`,`sendtype`,`recver`,`content`,`sendtime`) VALUES ('7','2','1','t time','05-17 14:29')]
[2013-05-17 14:31:30][wanghm][sys_msgstatus][insert][55][INSERT INTO sys_msgstatus (`msgid`,`user`,`status`) VALUES ('48','7','3')]
[2013-05-17 14:35:38][wanghm][sys_msgstatus][insert][56][INSERT INTO sys_msgstatus (`msgid`,`user`,`status`) VALUES ('48','7','3')]
[2013-05-17 14:37:55][wanghm][sys_msgstatus][insert][57][INSERT INTO sys_msgstatus (`msgid`,`user`,`status`) VALUES ('50','7','2')]
[2013-05-17 14:38:24][hejun][sys_msgstatus][insert][58][INSERT INTO sys_msgstatus (`msgid`,`user`,`status`) VALUES ('51','9','2')]
[2013-05-17 14:44:15][wanghm][sys_msgstatus][insert][59][INSERT INTO sys_msgstatus (`msgid`,`user`,`status`) VALUES ('41','7','3')]
[2013-05-17 14:44:22][wanghm][sys_msgstatus][insert][60][INSERT INTO sys_msgstatus (`msgid`,`user`,`status`) VALUES ('40','7','3')]
[2013-05-17 14:44:27][wanghm][sys_msgstatus][insert][61][INSERT INTO sys_msgstatus (`msgid`,`user`,`status`) VALUES ('35','7','3')]
[2013-05-17 14:44:31][wanghm][sys_msgstatus][insert][62][INSERT INTO sys_msgstatus (`msgid`,`user`,`status`) VALUES ('39','7','3')]
[2013-05-17 14:48:50][wanghm][sys_message][insert][52][INSERT INTO sys_message (`sender`,`sendtype`,`recver`,`content`,`sendtime`) VALUES ('7','1','','','05/17 14:48')]
[2013-05-17 14:48:52][wanghm][sys_message][insert][53][INSERT INTO sys_message (`sender`,`sendtype`,`recver`,`content`,`sendtime`) VALUES ('7','1','','','05/17 14:48')]
[2013-05-17 14:49:07][wanghm][sys_msgstatus][insert][63][INSERT INTO sys_msgstatus (`msgid`,`user`,`status`) VALUES ('52','7','3')]
[2013-05-17 14:49:07][wanghm][sys_msgstatus][insert][64][INSERT INTO sys_msgstatus (`msgid`,`user`,`status`) VALUES ('53','7','3')]
[2013-05-17 14:49:11][wanghm][sys_msgstatus][insert][65][INSERT INTO sys_msgstatus (`msgid`,`user`,`status`) VALUES ('23','7','3')]
[2013-05-17 15:10:58][wanghm][sys_msgstatus][insert][66][INSERT INTO sys_msgstatus (`msgid`,`user`,`status`) VALUES ('19','7','2')]
[2013-05-17 15:13:49][wanghm][sys_msgstatus][insert][67][INSERT INTO sys_msgstatus (`msgid`,`user`,`status`) VALUES ('38','7','3')]
[2013-05-17 15:34:36][wanghm][sys_msgstatus][insert][68][INSERT INTO sys_msgstatus (`msgid`,`user`,`status`) VALUES ('51','7','2')]
[2013-05-17 15:35:14][hejun][sys_msgstatus][insert][69][INSERT INTO sys_msgstatus (`msgid`,`user`,`status`) VALUES ('51','9','3')]
[2013-05-17 15:37:24][wanghm][sys_msgstatus][insert][70][INSERT INTO sys_msgstatus (`msgid`,`user`,`status`) VALUES ('51','7','3')]
[2013-05-17 15:57:36][wanghm][sys_msgstatus][insert][71][INSERT INTO sys_msgstatus (`msgid`,`user`,`status`) VALUES ('11','7','2')]
[2013-05-17 15:57:36][wanghm][sys_msgstatus][insert][72][INSERT INTO sys_msgstatus (`msgid`,`user`,`status`) VALUES ('13','7','2')]
[2013-05-17 15:57:41][wanghm][sys_msgstatus][insert][73][INSERT INTO sys_msgstatus (`msgid`,`user`,`status`) VALUES ('17','7','3')]
[2013-05-17 15:57:41][wanghm][sys_msgstatus][insert][74][INSERT INTO sys_msgstatus (`msgid`,`user`,`status`) VALUES ('21','7','3')]
[2013-05-17 15:57:48][wanghm][sys_msgstatus][insert][75][INSERT INTO sys_msgstatus (`msgid`,`user`,`status`) VALUES ('15','7','2')]
[2013-05-17 15:57:48][wanghm][sys_msgstatus][insert][76][INSERT INTO sys_msgstatus (`msgid`,`user`,`status`) VALUES ('24','7','2')]
[2013-05-17 15:57:48][wanghm][sys_msgstatus][insert][77][INSERT INTO sys_msgstatus (`msgid`,`user`,`status`) VALUES ('37','7','2')]
[2013-05-17 15:57:48][wanghm][sys_msgstatus][insert][78][INSERT INTO sys_msgstatus (`msgid`,`user`,`status`) VALUES ('44','7','2')]
[2013-05-17 15:57:48][wanghm][sys_msgstatus][insert][79][INSERT INTO sys_msgstatus (`msgid`,`user`,`status`) VALUES ('48','7','2')]
[2013-05-17 15:57:48][wanghm][sys_msgstatus][insert][80][INSERT INTO sys_msgstatus (`msgid`,`user`,`status`) VALUES ('49','7','2')]
[2013-05-17 15:57:48][wanghm][sys_msgstatus][insert][81][INSERT INTO sys_msgstatus (`msgid`,`user`,`status`) VALUES ('50','7','2')]
[2013-05-17 15:57:59][wanghm][sys_msgstatus][insert][82][INSERT INTO sys_msgstatus (`msgid`,`user`,`status`) VALUES ('11','7','3')]
[2013-05-17 15:57:59][wanghm][sys_msgstatus][insert][83][INSERT INTO sys_msgstatus (`msgid`,`user`,`status`) VALUES ('13','7','3')]
[2013-05-17 15:57:59][wanghm][sys_msgstatus][insert][84][INSERT INTO sys_msgstatus (`msgid`,`user`,`status`) VALUES ('15','7','3')]
[2013-05-17 15:57:59][wanghm][sys_msgstatus][insert][85][INSERT INTO sys_msgstatus (`msgid`,`user`,`status`) VALUES ('19','7','3')]
[2013-05-17 15:58:05][wanghm][sys_msgstatus][insert][86][INSERT INTO sys_msgstatus (`msgid`,`user`,`status`) VALUES ('24','7','3')]
[2013-05-17 15:58:05][wanghm][sys_msgstatus][insert][87][INSERT INTO sys_msgstatus (`msgid`,`user`,`status`) VALUES ('37','7','3')]
[2013-05-17 15:58:05][wanghm][sys_msgstatus][insert][88][INSERT INTO sys_msgstatus (`msgid`,`user`,`status`) VALUES ('44','7','3')]
[2013-05-17 15:58:05][wanghm][sys_msgstatus][insert][89][INSERT INTO sys_msgstatus (`msgid`,`user`,`status`) VALUES ('48','7','3')]
[2013-05-17 15:58:05][wanghm][sys_msgstatus][insert][90][INSERT INTO sys_msgstatus (`msgid`,`user`,`status`) VALUES ('49','7','3')]
[2013-05-17 15:58:05][wanghm][sys_msgstatus][insert][91][INSERT INTO sys_msgstatus (`msgid`,`user`,`status`) VALUES ('50','7','3')]
[2013-05-17 15:58:05][wanghm][sys_msgstatus][insert][92][INSERT INTO sys_msgstatus (`msgid`,`user`,`status`) VALUES ('51','7','3')]
[2013-05-17 15:58:16][wanghm][sys_msgstatus][insert][93][INSERT INTO sys_msgstatus (`msgid`,`user`,`status`) VALUES ('4','7','3')]
[2013-05-17 15:58:16][wanghm][sys_msgstatus][insert][94][INSERT INTO sys_msgstatus (`msgid`,`user`,`status`) VALUES ('6','7','3')]
[2013-05-17 15:58:16][wanghm][sys_msgstatus][insert][95][INSERT INTO sys_msgstatus (`msgid`,`user`,`status`) VALUES ('10','7','3')]
[2013-05-17 15:58:16][wanghm][sys_msgstatus][insert][96][INSERT INTO sys_msgstatus (`msgid`,`user`,`status`) VALUES ('14','7','3')]
[2013-05-17 15:58:16][wanghm][sys_msgstatus][insert][97][INSERT INTO sys_msgstatus (`msgid`,`user`,`status`) VALUES ('16','7','3')]
[2013-05-17 15:58:16][wanghm][sys_msgstatus][insert][98][INSERT INTO sys_msgstatus (`msgid`,`user`,`status`) VALUES ('18','7','3')]
[2013-05-17 15:58:16][wanghm][sys_msgstatus][insert][99][INSERT INTO sys_msgstatus (`msgid`,`user`,`status`) VALUES ('20','7','3')]
[2013-05-17 15:58:16][wanghm][sys_msgstatus][insert][100][INSERT INTO sys_msgstatus (`msgid`,`user`,`status`) VALUES ('22','7','3')]
[2013-05-17 15:58:16][wanghm][sys_msgstatus][insert][101][INSERT INTO sys_msgstatus (`msgid`,`user`,`status`) VALUES ('25','7','3')]
[2013-05-17 15:58:16][wanghm][sys_msgstatus][insert][102][INSERT INTO sys_msgstatus (`msgid`,`user`,`status`) VALUES ('35','7','3')]
[2013-05-17 15:58:16][wanghm][sys_msgstatus][insert][103][INSERT INTO sys_msgstatus (`msgid`,`user`,`status`) VALUES ('36','7','3')]
[2013-05-17 15:58:16][wanghm][sys_msgstatus][insert][104][INSERT INTO sys_msgstatus (`msgid`,`user`,`status`) VALUES ('39','7','3')]
[2013-05-17 15:58:16][wanghm][sys_msgstatus][insert][105][INSERT INTO sys_msgstatus (`msgid`,`user`,`status`) VALUES ('40','7','3')]
[2013-05-17 15:58:16][wanghm][sys_msgstatus][insert][106][INSERT INTO sys_msgstatus (`msgid`,`user`,`status`) VALUES ('41','7','3')]
[2013-05-17 15:58:16][wanghm][sys_msgstatus][insert][107][INSERT INTO sys_msgstatus (`msgid`,`user`,`status`) VALUES ('45','7','3')]
[2013-05-17 15:58:16][wanghm][sys_msgstatus][insert][108][INSERT INTO sys_msgstatus (`msgid`,`user`,`status`) VALUES ('46','7','3')]
[2013-05-17 15:58:16][wanghm][sys_msgstatus][insert][109][INSERT INTO sys_msgstatus (`msgid`,`user`,`status`) VALUES ('47','7','3')]
[2013-05-17 16:04:51][wanghm][sys_message][insert][54][INSERT INTO sys_message (`sender`,`sendtype`,`recver`,`content`,`sendtime`) VALUES ('7','1','9','阿斯特阿特瑞','05/17 16:04')]
[2013-05-17 16:06:46][wanghm][sys_message][insert][1][INSERT INTO sys_message (`sender`,`sendtype`,`recver`,`content`,`sendtime`) VALUES ('7','1','','','05/17 16:06')]
[2013-05-17 16:06:54][wanghm][sys_msgstatus][insert][1][INSERT INTO sys_msgstatus (`msgid`,`user`,`status`) VALUES ('1','7','3')]
[2013-05-17 16:07:14][wanghm][sys_message][insert][2][INSERT INTO sys_message (`sender`,`sendtype`,`recver`,`content`,`sendtime`) VALUES ('7','1','7','发送个人','05/17 16:07')]
[2013-05-17 16:07:23][wanghm][sys_msgstatus][insert][2][INSERT INTO sys_msgstatus (`msgid`,`user`,`status`) VALUES ('2','7','2')]
[2013-05-17 16:07:45][wanghm][sys_msgstatus][insert][3][INSERT INTO sys_msgstatus (`msgid`,`user`,`status`) VALUES ('2','7','3')]
[2013-05-17 16:08:35][wanghm][sys_message][insert][3][INSERT INTO sys_message (`sender`,`sendtype`,`recver`,`content`,`sendtime`) VALUES ('7','2','1','发送项目全体','05/17 16:08')]
[2013-05-17 16:08:54][wanghm][sys_msgstatus][insert][4][INSERT INTO sys_msgstatus (`msgid`,`user`,`status`) VALUES ('3','7','2')]
[2013-05-17 16:09:09][wanghm][sys_msgstatus][insert][5][INSERT INTO sys_msgstatus (`msgid`,`user`,`status`) VALUES ('3','7','3')]
[2013-05-17 16:13:22][wanghm][sys_msgstatus][insert][6][INSERT INTO sys_msgstatus (`msgid`,`user`,`status`) VALUES ('3','7','2')]
[2013-05-17 16:13:22][wanghm][sys_msgstatus][insert][7][INSERT INTO sys_msgstatus (`msgid`,`user`,`status`) VALUES ('2','7','2')]
[2013-05-17 16:13:35][wanghm][sys_msgstatus][insert][8][INSERT INTO sys_msgstatus (`msgid`,`user`,`status`) VALUES ('2','7','3')]
[2013-05-17 16:13:35][wanghm][sys_msgstatus][insert][9][INSERT INTO sys_msgstatus (`msgid`,`user`,`status`) VALUES ('3','7','3')]
[2013-05-17 16:28:47][hejun][sys_msgstatus][insert][10][INSERT INTO sys_msgstatus (`msgid`,`user`,`status`) VALUES ('3','9','2')]
[2013-05-17 16:29:16][hejun][sys_msgstatus][insert][11][INSERT INTO sys_msgstatus (`msgid`,`user`,`status`) VALUES ('3','9','3')]
